<?xml version="1.0" encoding="UTF-8"?>
<testsuite xmlns:xsi="http://www.w3.org/2001/XMLSchema-instance" xsi:noNamespaceSchemaLocation="https://maven.apache.org/surefire/maven-surefire-plugin/xsd/surefire-test-report-3.0.xsd" version="3.0" name="org.example.InvertedIndexClientTest" time="0.219" tests="1" errors="0" skipped="0" failures="0">
  <properties>
[...]
</properties>
  <testcase name="testInvertedIndex" classname="org.example.InvertedIndexClientTest" time="0.198">
    <system-out><![CDATA[Inverted Index:
rmi: [3, 4, 5, 6]
is: [1, 3, 4]
good: [1, 2]
always: [2, 4]
java: [1, 3]
]]></system-out>
  </testcase>
</testsuite>